# JRE version: OpenJDK Runtime Environment (17.0.8) (build 17.0.8+0--10799086)
# Java VM: OpenJDK 64-Bit Server VM (17.0.8+0--10799086, mixed mode, tiered, compressed oops, compressed class ptrs, g1 gc, windows-amd64)
GC Precious Log:
 CPUs: 12 total, 12 available
 Memory: 32654M
 Large Page Support: Disabled
 NUMA Support: Disabled
 Compressed Oops: Enabled (32-bit)
 Heap Region Size: 1M
 Heap Min Capacity: 8M
 Heap Initial Capacity: 512M
 Heap Max Capacity: 2G
 Pre-touch: Disabled
 Parallel Workers: 10
 Concurrent Workers: 3
 Concurrent Refinement Workers: 10
 Periodic GC: Disabled
Heap:
 garbage-first heap   total 174080K, used 154081K [0x0000000080000000, 0x0000000100000000)
  region size 1024K, 109 young (111616K), 12 survivors (12288K)
 Metaspace       used 56683K, committed 57216K, reserved 1114112K
  class space    used 7532K, committed 7808K, reserved 1048576K
GC Heap History (20 events):
Event: 1.501 GC heap after
{Heap after GC invocations=5 (full 0):
 garbage-first heap   total 71680K, used 21434K [0x0000000080000000, 0x0000000100000000)
  region size 1024K, 3 young (3072K), 3 survivors (3072K)
 Metaspace       used 26699K, committed 27008K, reserved 1114112K
  class space    used 3440K, committed 3584K, reserved 1048576K
}
Event: 1.763 GC heap before
{Heap before GC invocations=5 (full 0):
 garbage-first heap   total 71680K, used 50106K [0x0000000080000000, 0x0000000100000000)
  region size 1024K, 31 young (31744K), 3 survivors (3072K)
 Metaspace       used 30744K, committed 31104K, reserved 1114112K
  class space    used 4123K, committed 4288K, reserved 1048576K
}
Event: 1.764 GC heap after
{Heap after GC invocations=6 (full 0):
 garbage-first heap   total 71680K, used 23006K [0x0000000080000000, 0x0000000100000000)
  region size 1024K, 4 young (4096K), 4 survivors (4096K)
 Metaspace       used 30744K, committed 31104K, reserved 1114112K
  class space    used 4123K, committed 4288K, reserved 1048576K
}
Event: 2.010 GC heap before
{Heap before GC invocations=6 (full 0):
 garbage-first heap   total 71680K, used 59870K [0x0000000080000000, 0x0000000100000000)
  region size 1024K, 31 young (31744K), 4 survivors (4096K)
 Metaspace       used 33491K, committed 33856K, reserved 1114112K
  class space    used 4582K, committed 4736K, reserved 1048576K
}
Event: 2.012 GC heap after
{Heap after GC invocations=7 (full 0):
 garbage-first heap   total 71680K, used 39467K [0x0000000080000000, 0x0000000100000000)
  region size 1024K, 4 young (4096K), 4 survivors (4096K)
 Metaspace       used 33491K, committed 33856K, reserved 1114112K
  class space    used 4582K, committed 4736K, reserved 1048576K
}
Event: 2.143 GC heap before
{Heap before GC invocations=7 (full 0):
 garbage-first heap   total 71680K, used 55851K [0x0000000080000000, 0x0000000100000000)
  region size 1024K, 20 young (20480K), 4 survivors (4096K)
 Metaspace       used 35568K, committed 35904K, reserved 1114112K
  class space    used 4902K, committed 5056K, reserved 1048576K
}
Event: 2.144 GC heap after
{Heap after GC invocations=8 (full 0):
 garbage-first heap   total 71680K, used 40576K [0x0000000080000000, 0x0000000100000000)
  region size 1024K, 1 young (1024K), 1 survivors (1024K)
 Metaspace       used 35568K, committed 35904K, reserved 1114112K
  class space    used 4902K, committed 5056K, reserved 1048576K
}
Event: 2.285 GC heap before
{Heap before GC invocations=9 (full 0):
 garbage-first heap   total 71680K, used 57984K [0x0000000080000000, 0x0000000100000000)
  region size 1024K, 18 young (18432K), 1 survivors (1024K)
 Metaspace       used 38424K, committed 38912K, reserved 1114112K
  class space    used 5341K, committed 5568K, reserved 1048576K
}
Event: 2.287 GC heap after
{Heap after GC invocations=10 (full 0):
 garbage-first heap   total 71680K, used 41682K [0x0000000080000000, 0x0000000100000000)
  region size 1024K, 2 young (2048K), 2 survivors (2048K)
 Metaspace       used 38424K, committed 38912K, reserved 1114112K
  class space    used 5341K, committed 5568K, reserved 1048576K
}
Event: 2.415 GC heap before
{Heap before GC invocations=10 (full 0):
 garbage-first heap   total 71680K, used 57042K [0x0000000080000000, 0x0000000100000000)
  region size 1024K, 18 young (18432K), 2 survivors (2048K)
 Metaspace       used 42492K, committed 42944K, reserved 1114112K
  class space    used 5764K, committed 5952K, reserved 1048576K
}
Event: 2.417 GC heap after
{Heap after GC invocations=11 (full 0):
 garbage-first heap   total 71680K, used 43857K [0x0000000080000000, 0x0000000100000000)
  region size 1024K, 3 young (3072K), 3 survivors (3072K)
 Metaspace       used 42492K, committed 42944K, reserved 1114112K
  class space    used 5764K, committed 5952K, reserved 1048576K
}
Event: 2.490 GC heap before
{Heap before GC invocations=12 (full 0):
 garbage-first heap   total 75776K, used 57169K [0x0000000080000000, 0x0000000100000000)
  region size 1024K, 17 young (17408K), 3 survivors (3072K)
 Metaspace       used 43413K, committed 43840K, reserved 1114112K
  class space    used 5835K, committed 6016K, reserved 1048576K
}
Event: 2.491 GC heap after
{Heap after GC invocations=13 (full 0):
 garbage-first heap   total 75776K, used 45961K [0x0000000080000000, 0x0000000100000000)
  region size 1024K, 3 young (3072K), 3 survivors (3072K)
 Metaspace       used 43413K, committed 43840K, reserved 1114112K
  class space    used 5835K, committed 6016K, reserved 1048576K
}
Event: 2.541 GC heap before
{Heap before GC invocations=13 (full 0):
 garbage-first heap   total 75776K, used 58249K [0x0000000080000000, 0x0000000100000000)
  region size 1024K, 17 young (17408K), 3 survivors (3072K)
 Metaspace       used 43889K, committed 44288K, reserved 1114112K
  class space    used 5882K, committed 6080K, reserved 1048576K
}
Event: 2.542 GC heap after
{Heap after GC invocations=14 (full 0):
 garbage-first heap   total 75776K, used 46464K [0x0000000080000000, 0x0000000100000000)
  region size 1024K, 2 young (2048K), 2 survivors (2048K)
 Metaspace       used 43889K, committed 44288K, reserved 1114112K
  class space    used 5882K, committed 6080K, reserved 1048576K
}
Event: 2.657 GC heap before
{Heap before GC invocations=15 (full 0):
 garbage-first heap   total 89088K, used 65920K [0x0000000080000000, 0x0000000100000000)
  region size 1024K, 16 young (16384K), 2 survivors (2048K)
 Metaspace       used 46109K, committed 46592K, reserved 1114112K
  class space    used 6108K, committed 6336K, reserved 1048576K
}
Event: 2.659 GC heap after
{Heap after GC invocations=16 (full 0):
 garbage-first heap   total 89088K, used 47253K [0x0000000080000000, 0x0000000100000000)
  region size 1024K, 2 young (2048K), 2 survivors (2048K)
 Metaspace       used 46109K, committed 46592K, reserved 1114112K
  class space    used 6108K, committed 6336K, reserved 1048576K
}
Event: 2.826 GC heap before
{Heap before GC invocations=16 (full 0):
 garbage-first heap   total 89088K, used 70805K [0x0000000080000000, 0x0000000100000000)
  region size 1024K, 25 young (25600K), 2 survivors (2048K)
 Metaspace       used 48321K, committed 48768K, reserved 1114112K
  class space    used 6461K, committed 6656K, reserved 1048576K
}
Event: 2.829 GC heap after
{Heap after GC invocations=17 (full 0):
 garbage-first heap   total 307200K, used 49633K [0x0000000080000000, 0x0000000100000000)
  region size 1024K, 4 young (4096K), 4 survivors (4096K)
 Metaspace       used 48321K, committed 48768K, reserved 1114112K
  class space    used 6461K, committed 6656K, reserved 1048576K
}
Event: 3.418 GC heap before
{Heap before GC invocations=18 (full 0):
 garbage-first heap   total 174080K, used 152033K [0x0000000080000000, 0x0000000100000000)
  region size 1024K, 101 young (103424K), 4 survivors (4096K)
 Metaspace       used 56683K, committed 57216K, reserved 1114112K
  class space    used 7532K, committed 7808K, reserved 1048576K
}

